{"type":"server-started","port":62239,"host":"0.0.0.0","url_host":"192.168.50.207","url":"http://192.168.50.207:62239","screen_dir":"/Volumes/Work/AI/cwgsyw-platform/.superpowers/brainstorm/57973-1779725365/content","state_dir":"/Volumes/Work/AI/cwgsyw-platform/.superpowers/brainstorm/57973-1779725365/state"}
{"type":"screen-added","file":"/Volumes/Work/AI/cwgsyw-platform/.superpowers/brainstorm/57973-1779725365/content/sidebar-nav.html"}
{"source":"user-event","type":"click","text":"侧边栏\n      📊 日报\n      🔐 设备密码\n      📄 变更文档\n      ▼ CMDB\n      🔍 搜索\n      📦 CI 资源\n      ⚙️ 配置管理\n      📈 报表\n    \n    \n      A — 展开式子菜单\n      CMDB 节点可折叠/展开，三个子条目缩进显示。点击 CMDB 展开，再点击子条目跳转页面。\n      \n        优点结构清晰，层级一目了然与现有侧边栏风格统一\n        缺点需要点击两次才能进子页占用侧边栏更多垂直空间","choice":"a","id":null,"timestamp":1779725397239}
{"source":"user-event","type":"click","text":"侧边栏\n      📊 日报\n      🔐 设备密码\n      📄 变更文档\n      ▼ CMDB\n      🔍 搜索\n      📦 CI 资源\n      ⚙️ 配置管理\n      📈 报表\n    \n    \n      A — 展开式子菜单\n      CMDB 节点可折叠/展开，三个子条目缩进显示。点击 CMDB 展开，再点击子条目跳转页面。\n      \n        优点结构清晰，层级一目了然与现有侧边栏风格统一\n        缺点需要点击两次才能进子页占用侧边栏更多垂直空间","choice":"a","id":null,"timestamp":1779725431109}
{"source":"user-event","type":"click","text":"侧边栏\n      📊 日报\n      🔐 设备密码\n      📄 变更文档\n      ▼ CMDB\n      🔍 搜索\n      📦 CI 资源\n      ⚙️ 配置管理\n      📈 报表\n    \n    \n      A — 展开式子菜单\n      CMDB 节点可折叠/展开，三个子条目缩进显示。点击 CMDB 展开，再点击子条目跳转页面。\n      \n        优点结构清晰，层级一目了然与现有侧边栏风格统一\n        缺点需要点击两次才能进子页占用侧边栏更多垂直空间","choice":"a","id":null,"timestamp":1779725431657}
{"source":"user-event","type":"click","text":"侧边栏\n      📊 日报\n      🔐 设备密码\n      📄 变更文档\n      — CMDB —\n      🔍 CI 搜索\n      📦 CI 资源\n      ⚙️ CMDB 配置\n      📈 报表\n    \n    \n      B — 平铺独立条目（分隔线分组）\n      三个条目各自独立显示在侧边栏，用分隔线标注\"CMDB\"区域。一次点击直达目标页面。\n      \n        优点一次点击直达，无需展开可为每个条目单独设权限守卫\n        缺点侧边栏条目增加（已有14条）CMDB 关联性不够直观","choice":"b","id":null,"timestamp":1779725432597}
{"source":"user-event","type":"click","text":"侧边栏\n      📊 日报\n      🔐 设备密码\n      📄 变更文档\n      — CMDB —\n      🔍 CI 搜索\n      📦 CI 资源\n      ⚙️ CMDB 配置\n      📈 报表\n    \n    \n      B — 平铺独立条目（分隔线分组）\n      三个条目各自独立显示在侧边栏，用分隔线标注\"CMDB\"区域。一次点击直达目标页面。\n      \n        优点一次点击直达，无需展开可为每个条目单独设权限守卫\n        缺点侧边栏条目增加（已有14条）CMDB 关联性不够直观","choice":"b","id":null,"timestamp":1779725433416}
{"type":"screen-added","file":"/Volumes/Work/AI/cwgsyw-platform/.superpowers/brainstorm/57973-1779725365/content/sidebar-nav-v2.html"}
{"source":"user-event","type":"click","text":"📊 日报\n        🔐 设备密码\n        📄 变更文档\n        \n        ▼ 🗄️ CMDB\n        🔍 搜索\n        📦 CI 资源\n        ⚙️ 配置管理\n        \n        📈 报表\n        👥 用户\n      \n    \n    \n      A — 展开式子菜单\n      CMDB 节点可折叠/展开，三个子条目缩进显示。当前高亮的是\"搜索\"子条目。","choice":"a","id":null,"timestamp":1779725470095}
{"source":"user-event","type":"click","text":"📊 日报\n        🔐 设备密码\n        📄 变更文档\n        \n        ▼ 🗄️ CMDB\n        🔍 搜索\n        📦 CI 资源\n        ⚙️ 配置管理\n        \n        📈 报表\n        👥 用户\n      \n    \n    \n      A — 展开式子菜单\n      CMDB 节点可折叠/展开，三个子条目缩进显示。当前高亮的是\"搜索\"子条目。","choice":"a","id":null,"timestamp":1779725531503}
{"type":"screen-added","file":"/Volumes/Work/AI/cwgsyw-platform/.superpowers/brainstorm/57973-1779725365/content/waiting-1.html"}
{"type":"screen-added","file":"/Volumes/Work/AI/cwgsyw-platform/.superpowers/brainstorm/57973-1779725365/content/search-results.html"}
{"type":"screen-added","file":"/Volumes/Work/AI/cwgsyw-platform/.superpowers/brainstorm/57973-1779725365/content/search-results-v2.html"}
{"source":"user-event","type":"click","text":"B\n    \n      表格\n      固定列：名称、模型、关键属性、状态。信息密度高，适合快速扫描大量结果。","choice":"b","id":null,"timestamp":1779725766399}
{"source":"user-event","type":"click","text":"C\n    \n      卡片 + 模型筛选标签\n      卡片列表上方加模型类型标签（全部/主机/应用…），结果可按模型过滤。","choice":"c","id":null,"timestamp":1779725773615}
{"type":"screen-added","file":"/Volumes/Work/AI/cwgsyw-platform/.superpowers/brainstorm/57973-1779725365/content/waiting-2.html"}
{"type":"screen-added","file":"/Volumes/Work/AI/cwgsyw-platform/.superpowers/brainstorm/57973-1779725365/content/ci-resources.html"}
{"source":"user-event","type":"click","text":"A\n    \n      左侧模型树 + 右侧实例表格\n      模型按分类折叠展示在左栏，点击模型右侧显示该模型的实例列表。适合模型数量多的场景。","choice":"a","id":null,"timestamp":1779725924928}
{"type":"screen-added","file":"/Volumes/Work/AI/cwgsyw-platform/.superpowers/brainstorm/57973-1779725365/content/waiting-3.html"}
{"type":"screen-added","file":"/Volumes/Work/AI/cwgsyw-platform/.superpowers/brainstorm/57973-1779725365/content/column-custom.html"}
{"source":"user-event","type":"click","text":"A+B\n    \n      两者结合\n      右上角下拉菜单做主入口，列标题 hover 也可快速隐藏单列。体验最完整，实现稍复杂。","choice":"ab","id":null,"timestamp":1779726032066}
{"type":"screen-added","file":"/Volumes/Work/AI/cwgsyw-platform/.superpowers/brainstorm/57973-1779725365/content/waiting-final.html"}
{"type":"server-stopped","reason":"idle timeout"}
